<?xml version="1.0" encoding="UTF-8"?>
<!-- Generated by org.testng.reporters.JUnitReportReporter -->
<testsuite skipped="0" hostname="LAPTOP-8QDB9G5H" name="testRunner.TestNGRunner" tests="1" failures="0" timestamp="2020-07-29T02:40:57 SGT" time="17.054" errors="0">
  <testcase name="runScenario" time="17.054" classname="testRunner.TestNGRunner"/>
  <system-out/>
</testsuite> <!-- testRunner.TestNGRunner -->
